Determining if the pthread_create exist failed with the following output:
Change Dir: /media/jyoti/data/Ego_class_Exp/optical_flow/build/CMakeFiles/CMakeTmp

Run Build Command:"/usr/bin/make" "cmTC_564d1/fast"
/usr/bin/make -f CMakeFiles/cmTC_564d1.dir/build.make CMakeFiles/cmTC_564d1.dir/build
make[1]: Entering directory '/media/jyoti/data/Ego_class_Exp/optical_flow/build/CMakeFiles/CMakeTmp'
Building C object CMakeFiles/cmTC_564d1.dir/CheckSymbolExists.c.o
/usr/bin/cc    -fPIC    -o CMakeFiles/cmTC_564d1.dir/CheckSymbolExists.c.o   -c /media/jyoti/data/Ego_class_Exp/optical_flow/build/CMakeFiles/CMakeTmp/CheckSymbolExists.c
Linking C executable cmTC_564d1
/usr/bin/cmake -E cmake_link_script CMakeFiles/cmTC_564d1.dir/link.txt --verbose=1
/usr/bin/cc  -fPIC     CMakeFiles/cmTC_564d1.dir/CheckSymbolExists.c.o  -o cmTC_564d1 -rdynamic 
CMakeFiles/cmTC_564d1.dir/CheckSymbolExists.c.o: In function `main':
CheckSymbolExists.c:(.text+0x1b): undefined reference to `pthread_create'
collect2: error: ld returned 1 exit status
CMakeFiles/cmTC_564d1.dir/build.make:97: recipe for target 'cmTC_564d1' failed
make[1]: *** [cmTC_564d1] Error 1
make[1]: Leaving directory '/media/jyoti/data/Ego_class_Exp/optical_flow/build/CMakeFiles/CMakeTmp'
Makefile:126: recipe for target 'cmTC_564d1/fast' failed
make: *** [cmTC_564d1/fast] Error 2

File /media/jyoti/data/Ego_class_Exp/optical_flow/build/CMakeFiles/CMakeTmp/CheckSymbolExists.c:
/* */
#include <pthread.h>

int main(int argc, char** argv)
{
  (void)argv;
#ifndef pthread_create
  return ((int*)(&pthread_create))[argc];
#else
  (void)argc;
  return 0;
#endif
}

Determining if the function pthread_create exists in the pthreads failed with the following output:
Change Dir: /media/jyoti/data/Ego_class_Exp/optical_flow/build/CMakeFiles/CMakeTmp

Run Build Command:"/usr/bin/make" "cmTC_e5f68/fast"
/usr/bin/make -f CMakeFiles/cmTC_e5f68.dir/build.make CMakeFiles/cmTC_e5f68.dir/build
make[1]: Entering directory '/media/jyoti/data/Ego_class_Exp/optical_flow/build/CMakeFiles/CMakeTmp'
Building C object CMakeFiles/cmTC_e5f68.dir/CheckFunctionExists.c.o
/usr/bin/cc    -fPIC -DCHECK_FUNCTION_EXISTS=pthread_create   -o CMakeFiles/cmTC_e5f68.dir/CheckFunctionExists.c.o   -c /usr/share/cmake-3.5/Modules/CheckFunctionExists.c
Linking C executable cmTC_e5f68
/usr/bin/cmake -E cmake_link_script CMakeFiles/cmTC_e5f68.dir/link.txt --verbose=1
/usr/bin/cc  -fPIC -DCHECK_FUNCTION_EXISTS=pthread_create    CMakeFiles/cmTC_e5f68.dir/CheckFunctionExists.c.o  -o cmTC_e5f68 -rdynamic -lpthreads 
/usr/bin/ld: cannot find -lpthreads
collect2: error: ld returned 1 exit status
CMakeFiles/cmTC_e5f68.dir/build.make:97: recipe for target 'cmTC_e5f68' failed
make[1]: *** [cmTC_e5f68] Error 1
make[1]: Leaving directory '/media/jyoti/data/Ego_class_Exp/optical_flow/build/CMakeFiles/CMakeTmp'
Makefile:126: recipe for target 'cmTC_e5f68/fast' failed
make: *** [cmTC_e5f68/fast] Error 2


